<?xml version="1.0" encoding="utf-8"?><testsuites name="pytest tests"><testsuite name="pytest" errors="0" failures="0" skipped="0" tests="5" time="1.393" timestamp="2026-06-11T18:17:19.378929+00:00" hostname="agent-env-37683ed4-60e2-4604-ba65-e1c8fb0a464c"><testcase classname="backend.tests.test_portfolio_api" name="test_root" time="0.446" /><testcase classname="backend.tests.test_portfolio_api" name="test_contact_create_and_list" time="0.219" /><testcase classname="backend.tests.test_portfolio_api" name="test_contact_validation_empty" time="0.070" /><testcase classname="backend.tests.test_portfolio_api" name="test_contact_validation_missing" time="0.104" /><testcase classname="backend.tests.test_portfolio_api" name="test_status_create_and_list" time="0.163" /></testsuite></testsuites>